WatchFace/Wearable/build/outputs/logs/manifest-merger-debug-report.txt
-- Merging decision tree log ---
manifest
ADDED from src\main\AndroidManifest.xml:17:1-213:12
INJECTED from src\main\AndroidManifest.xml:17:1-213:12
INJECTED from src\main\AndroidManifest.xml:17:1-213:12
MERGED from [androidx.palette:palette:1.0.0] AndroidManifest.xml:17:1-22:12
MERGED from [androidx.wear:wear:1.0.0] AndroidManifest.xml:17:1-22:12
MERGED from [androidx.legacy:legacy-support-v13:1.0.0] AndroidManifest.xml:17:1-22:12
MERGED from [com.google.android.gms:play-services-wearable:16.0.1] AndroidManifest.xml:17:1-24:12
MERGED from [com.google.android.support:wearable:2.4.0] AndroidManifest.xml:2:1-15:12
MERGED from [com.google.android.gms:play-services-base:16.0.1] AndroidManifest.xml:17:1-29:12
MERGED from [com.google.android.gms:play-services-tasks:16.0.1] AndroidManifest.xml:2:1-9:12
MERGED from [com.google.android.gms:play-services-basement:16.0.1] AndroidManifest.xml:17:1-28:12
MERGED from [androidx.legacy:legacy-support-v4:1.0.0] AndroidManifest.xml:17:1-22:12
MERGED from [androidx.fragment:fragment:1.0.0] AndroidManifest.xml:17:1-22:12
MERGED from [androidx.recyclerview:recyclerview:1.0.0] AndroidManifest.xml:17:1-22:12
MERGED from [androidx.legacy:legacy-support-core-ui:1.0.0] AndroidManifest.xml:17:1-22:12
MERGED from [androidx.legacy:legacy-support-core-utils:1.0.0] AndroidManifest.xml:17:1-22:12
MERGED from [androidx.percentlayout:percentlayout:1.0.0] AndroidManifest.xml:17:1-22:12
MERGED from [androidx.loader:loader:1.0.0] AndroidManifest.xml:17:1-22:12
MERGED from [androidx.viewpager:viewpager:1.0.0] AndroidManifest.xml:17:1-22:12
MERGED from [androidx.coordinatorlayout:coordinatorlayout:1.0.0] AndroidManifest.xml:17:1-22:12
MERGED from [androidx.drawerlayout:drawerlayout:1.0.0] AndroidManifest.xml:17:1-22:12
MERGED from [androidx.slidingpanelayout:slidingpanelayout:1.0.0] AndroidManifest.xml:17:1-22:12
MERGED from [androidx.customview:customview:1.0.0] AndroidManifest.xml:17:1-22:12
MERGED from [androidx.swiperefreshlayout:swiperefreshlayout:1.0.0] AndroidManifest.xml:17:1-22:12
MERGED from [androidx.asynclayoutinflater:asynclayoutinflater:1.0.0] AndroidManifest.xml:17:1-22:12
MERGED from [androidx.media:media:1.0.0] AndroidManifest.xml:17:1-22:12
MERGED from [androidx.core:core:1.0.0] AndroidManifest.xml:17:1-24:12
MERGED from [androidx.versionedparcelable:versionedparcelable:1.0.0] AndroidManifest.xml:17:1-25:12
MERGED from [androidx.lifecycle:lifecycle-runtime:2.0.0] AndroidManifest.xml:17:1-22:12
MERGED from [androidx.documentfile:documentfile:1.0.0] AndroidManifest.xml:17:1-22:12
MERGED from [androidx.localbroadcastmanager:localbroadcastmanager:1.0.0] AndroidManifest.xml:17:1-22:12
MERGED from [androidx.print:print:1.0.0] AndroidManifest.xml:17:1-22:12
MERGED from [androidx.interpolator:interpolator:1.0.0] AndroidManifest.xml:17:1-22:12
MERGED from [androidx.cursoradapter:cursoradapter:1.0.0] AndroidManifest.xml:17:1-22:12
MERGED from [androidx.lifecycle:lifecycle-viewmodel:2.0.0] AndroidManifest.xml:17:1-22:12
MERGED from [androidx.lifecycle:lifecycle-livedata:2.0.0] AndroidManifest.xml:17:1-22:12
MERGED from [androidx.lifecycle:lifecycle-livedata-core:2.0.0] AndroidManifest.xml:17:1-22:12
MERGED from [androidx.arch.core:core-runtime:2.0.0] AndroidManifest.xml:17:1-22:12
MERGED from [androidx.constraintlayout:constraintlayout:1.1.0] AndroidManifest.xml:2:1-11:12
INJECTED from src\main\AndroidManifest.xml:17:1-213:12
INJECTED from src\main\AndroidManifest.xml:17:1-213:12
	package
		ADDED from src\main\AndroidManifest.xml:17:11-59
	android:versionName
		INJECTED from src\main\AndroidManifest.xml
		ADDED from src\main\AndroidManifest.xml:17:1-213:12
		INJECTED from src\main\AndroidManifest.xml
	android:versionCode
		INJECTED from src\main\AndroidManifest.xml
		ADDED from src\main\AndroidManifest.xml:17:1-213:12
		INJECTED from src\main\AndroidManifest.xml
	xmlns:android
		ADDED from src\main\AndroidManifest.xml:18:11-69
uses-feature#android.hardware.type.watch
ADDED from src\main\AndroidManifest.xml:20:5-63
	android:name
		ADDED from src\main\AndroidManifest.xml:20:19-61
uses-permission#android.permission.WAKE_LOCK
ADDED from src\main\AndroidManifest.xml:23:5-67
	android:name
		ADDED from src\main\AndroidManifest.xml:23:22-65
uses-permission#com.google.android.wearable.permission.RECEIVE_COMPLICATION_DATA
ADDED from src\main\AndroidManifest.xml:26:5-103
	android:name
		ADDED from src\main\AndroidManifest.xml:26:22-101
application
ADDED from src\main\AndroidManifest.xml:28:5-212:19
MERGED from [com.google.android.gms:play-services-wearable:16.0.1] AndroidManifest.xml:22:5-20
MERGED from [com.google.android.gms:play-services-wearable:16.0.1] AndroidManifest.xml:22:5-20
MERGED from [com.google.android.support:wearable:2.4.0] AndroidManifest.xml:9:5-13:19
MERGED from [com.google.android.support:wearable:2.4.0] AndroidManifest.xml:9:5-13:19
MERGED from [com.google.android.gms:play-services-base:16.0.1] AndroidManifest.xml:22:5-27:19
MERGED from [com.google.android.gms:play-services-base:16.0.1] AndroidManifest.xml:22:5-27:19
MERGED from [com.google.android.gms:play-services-tasks:16.0.1] AndroidManifest.xml:7:5-20
MERGED from [com.google.android.gms:play-services-tasks:16.0.1] AndroidManifest.xml:7:5-20
MERGED from [com.google.android.gms:play-services-basement:16.0.1] AndroidManifest.xml:22:5-26:19
MERGED from [com.google.android.gms:play-services-basement:16.0.1] AndroidManifest.xml:22:5-26:19
MERGED from [androidx.core:core:1.0.0] AndroidManifest.xml:22:5-89
MERGED from [androidx.core:core:1.0.0] AndroidManifest.xml:22:5-89
MERGED from [androidx.versionedparcelable:versionedparcelable:1.0.0] AndroidManifest.xml:22:5-23:19
MERGED from [androidx.versionedparcelable:versionedparcelable:1.0.0] AndroidManifest.xml:22:5-23:19
MERGED from [androidx.constraintlayout:constraintlayout:1.1.0] AndroidManifest.xml:9:5-20
MERGED from [androidx.constraintlayout:constraintlayout:1.1.0] AndroidManifest.xml:9:5-20
	android:appComponentFactory
		ADDED from [androidx.core:core:1.0.0] AndroidManifest.xml:22:18-86
	android:label
		ADDED from src\main\AndroidManifest.xml:31:9-41
	android:icon
		ADDED from src\main\AndroidManifest.xml:30:9-45
	android:allowBackup
		ADDED from src\main\AndroidManifest.xml:29:9-35
meta-data#com.google.android.wearable.standalone
ADDED from src\main\AndroidManifest.xml:32:9-34:35
	android:value
		ADDED from src\main\AndroidManifest.xml:34:13-33
	android:name
		ADDED from src\main\AndroidManifest.xml:33:13-66
meta-data#com.google.android.gms.version
ADDED from src\main\AndroidManifest.xml:35:9-37:68
MERGED from [com.google.android.gms:play-services-basement:16.0.1] AndroidManifest.xml:23:9-25:69
MERGED from [com.google.android.gms:play-services-basement:16.0.1] AndroidManifest.xml:23:9-25:69
	android:value
		ADDED from src\main\AndroidManifest.xml:37:13-66
	android:name
		ADDED from src\main\AndroidManifest.xml:36:13-58
uses-library#com.google.android.wearable
ADDED from src\main\AndroidManifest.xml:39:9-41:39
MERGED from [com.google.android.support:wearable:2.4.0] AndroidManifest.xml:10:9-12:40
MERGED from [com.google.android.support:wearable:2.4.0] AndroidManifest.xml:10:9-12:40
	android:required
		ADDED from src\main\AndroidManifest.xml:41:13-37
	android:name
		ADDED from src\main\AndroidManifest.xml:40:13-55
service#com.example.android.wearable.watchface.watchface.OpenGLWatchFaceService
ADDED from src\main\AndroidManifest.xml:43:9-65:19
	android:label
		ADDED from src\main\AndroidManifest.xml:45:13-48
	android:permission
		ADDED from src\main\AndroidManifest.xml:46:13-67
	android:name
		ADDED from src\main\AndroidManifest.xml:44:13-61
meta-data#android.service.wallpaper
ADDED from src\main\AndroidManifest.xml:47:13-49:53
	android:resource
		ADDED from src\main\AndroidManifest.xml:49:17-51
	android:name
		ADDED from src\main\AndroidManifest.xml:48:17-57
meta-data#com.google.android.wearable.watchface.preview
ADDED from src\main\AndroidManifest.xml:50:13-52:62
	android:resource
		ADDED from src\main\AndroidManifest.xml:52:17-60
	android:name
		ADDED from src\main\AndroidManifest.xml:51:17-77
meta-data#com.google.android.wearable.watchface.preview_circular
ADDED from src\main\AndroidManifest.xml:53:13-55:71
	android:resource
		ADDED from src\main\AndroidManifest.xml:55:17-69
	android:name
		ADDED from src\main\AndroidManifest.xml:54:17-86
meta-data#com.google.android.wearable.watchface.companionConfigurationAction
ADDED from src\main\AndroidManifest.xml:56:13-58:87
	android:value
		ADDED from src\main\AndroidManifest.xml:58:17-85
	android:name
		ADDED from src\main\AndroidManifest.xml:57:17-98
intent-filter#action:name:android.service.wallpaper.WallpaperService+category:name:com.google.android.wearable.watchface.category.WATCH_FACE
ADDED from src\main\AndroidManifest.xml:60:13-64:29
action#android.service.wallpaper.WallpaperService
ADDED from src\main\AndroidManifest.xml:61:17-84
	android:name
		ADDED from src\main\AndroidManifest.xml:61:25-82
category#com.google.android.wearable.watchface.category.WATCH_FACE
ADDED from src\main\AndroidManifest.xml:63:17-101
	android:name
		ADDED from src\main\AndroidManifest.xml:63:27-99
service#com.example.android.wearable.watchface.watchface.AnalogComplicationWatchFaceService
ADDED from src\main\AndroidManifest.xml:66:9-89:19
	android:enabled
		ADDED from src\main\AndroidManifest.xml:68:13-35
	android:label
		ADDED from src\main\AndroidManifest.xml:69:13-56
	android:permission
		ADDED from src\main\AndroidManifest.xml:70:13-67
	android:name
		ADDED from src\main\AndroidManifest.xml:67:13-73
meta-data#com.google.android.wearable.watchface.wearableConfigurationAction
ADDED from src\main\AndroidManifest.xml:80:13-82:100
	android:value
		ADDED from src\main\AndroidManifest.xml:82:17-98
	android:name
		ADDED from src\main\AndroidManifest.xml:81:17-97
activity#android.support.wearable.complications.ComplicationHelperActivity
ADDED from src\main\AndroidManifest.xml:91:9-101
	android:name
		ADDED from src\main\AndroidManifest.xml:91:19-99
activity#com.example.android.wearable.watchface.config.AnalogComplicationConfigActivity
ADDED from src\main\AndroidManifest.xml:92:9-101:20
	android:label
		ADDED from src\main\AndroidManifest.xml:94:13-63
	android:name
		ADDED from src\main\AndroidManifest.xml:93:13-68
intent-filter#action:name:com.example.android.wearable.watchface.CONFIG_COMPLICATION_SIMPLE+category:name:android.intent.category.DEFAULT+category:name:com.google.android.wearable.watchface.category.WEARABLE_CONFIGURATION
ADDED from src\main\AndroidManifest.xml:95:13-100:29
action#com.example.android.wearable.watchface.CONFIG_COMPLICATION_SIMPLE
ADDED from src\main\AndroidManifest.xml:96:17-107
	android:name
		ADDED from src\main\AndroidManifest.xml:96:25-105
category#com.google.android.wearable.watchface.category.WEARABLE_CONFIGURATION
ADDED from src\main\AndroidManifest.xml:98:17-113
	android:name
		ADDED from src\main\AndroidManifest.xml:98:27-111
category#android.intent.category.DEFAULT
ADDED from src\main\AndroidManifest.xml:99:17-75
	android:name
		ADDED from src\main\AndroidManifest.xml:99:27-73
service#com.example.android.wearable.watchface.watchface.InteractiveWatchFaceService
ADDED from src\main\AndroidManifest.xml:103:9-122:19
	android:label
		ADDED from src\main\AndroidManifest.xml:105:13-53
	android:permission
		ADDED from src\main\AndroidManifest.xml:106:13-67
	android:name
		ADDED from src\main\AndroidManifest.xml:104:13-66
service#com.example.android.wearable.watchface.watchface.DigitalWatchFaceService
ADDED from src\main\AndroidManifest.xml:124:9-149:19
	android:label
		ADDED from src\main\AndroidManifest.xml:126:13-49
	android:permission
		ADDED from src\main\AndroidManifest.xml:127:13-67
	android:name
		ADDED from src\main\AndroidManifest.xml:125:13-62
activity#com.example.android.wearable.watchface.config.DigitalWatchFaceWearableConfigActivity
ADDED from src\main\AndroidManifest.xml:157:9-166:20
	android:label
		ADDED from src\main\AndroidManifest.xml:159:13-56
	android:name
		ADDED from src\main\AndroidManifest.xml:158:13-74
intent-filter#action:name:com.example.android.wearable.watchface.CONFIG_DIGITAL+category:name:android.intent.category.DEFAULT+category:name:com.google.android.wearable.watchface.category.WEARABLE_CONFIGURATION
ADDED from src\main\AndroidManifest.xml:160:13-165:29
action#com.example.android.wearable.watchface.CONFIG_DIGITAL
ADDED from src\main\AndroidManifest.xml:161:17-95
	android:name
		ADDED from src\main\AndroidManifest.xml:161:25-93
service#com.example.android.wearable.watchface.config.DigitalWatchFaceConfigListenerService
ADDED from src\main\AndroidManifest.xml:168:9-177:19
	android:name
		ADDED from src\main\AndroidManifest.xml:168:18-78
intent-filter#action:name:com.google.android.gms.wearable.MESSAGE_RECEIVED+data:host:*+data:pathPrefix:/+data:scheme:wear
ADDED from src\main\AndroidManifest.xml:169:13-176:29
action#com.google.android.gms.wearable.MESSAGE_RECEIVED
ADDED from src\main\AndroidManifest.xml:170:17-90
	android:name
		ADDED from src\main\AndroidManifest.xml:170:25-88
data
ADDED from src\main\AndroidManifest.xml:172:17-175:44
	android:host
		ADDED from src\main\AndroidManifest.xml:173:21-37
	android:scheme
		ADDED from src\main\AndroidManifest.xml:175:21-42
	android:pathPrefix
		ADDED from src\main\AndroidManifest.xml:174:21-43
service#com.example.android.wearable.watchface.provider.IncrementingNumberComplicationProviderService
ADDED from src\main\AndroidManifest.xml:179:9-208:19
	android:label
		ADDED from src\main\AndroidManifest.xml:182:13-79
	android:permission
		ADDED from src\main\AndroidManifest.xml:183:13-99
	android:icon
		ADDED from src\main\AndroidManifest.xml:181:13-55
	android:name
		ADDED from src\main\AndroidManifest.xml:180:13-83
intent-filter#action:name:android.support.wearable.complications.ACTION_COMPLICATION_UPDATE_REQUEST
ADDED from src\main\AndroidManifest.xml:184:13-186:29
action#android.support.wearable.complications.ACTION_COMPLICATION_UPDATE_REQUEST
ADDED from src\main\AndroidManifest.xml:185:17-115
	android:name
		ADDED from src\main\AndroidManifest.xml:185:25-113
meta-data#android.support.wearable.complications.SUPPORTED_TYPES
ADDED from src\main\AndroidManifest.xml:188:13-190:68
	android:value
		ADDED from src\main\AndroidManifest.xml:190:17-66
	android:name
		ADDED from src\main\AndroidManifest.xml:189:17-86
meta-data#android.support.wearable.complications.UPDATE_PERIOD_SECONDS
ADDED from src\main\AndroidManifest.xml:205:13-207:36
	android:value
		ADDED from src\main\AndroidManifest.xml:207:17-34
	android:name
		ADDED from src\main\AndroidManifest.xml:206:17-92
receiver#com.example.android.wearable.watchface.provider.ComplicationToggleReceiver
ADDED from src\main\AndroidManifest.xml:209:9-72
	android:name
		ADDED from src\main\AndroidManifest.xml:209:19-70
activity#com.example.android.wearable.watchface.config.ColorSelectionActivity
ADDED from src\main\AndroidManifest.xml:211:9-66
	android:name
		ADDED from src\main\AndroidManifest.xml:211:19-64
uses-sdk
INJECTED from src\main\AndroidManifest.xml reason: use-sdk injection requested
INJECTED from src\main\AndroidManifest.xml
INJECTED from src\main\AndroidManifest.xml
MERGED from [androidx.palette:palette:1.0.0] AndroidManifest.xml:20:5-44
MERGED from [androidx.palette:palette:1.0.0] AndroidManifest.xml:20:5-44
MERGED from [androidx.wear:wear:1.0.0] AndroidManifest.xml:20:5-44
MERGED from [androidx.wear:wear:1.0.0] AndroidManifest.xml:20:5-44
MERGED from [androidx.legacy:legacy-support-v13:1.0.0] AndroidManifest.xml:20:5-44
MERGED from [androidx.legacy:legacy-support-v13:1.0.0] AndroidManifest.xml:20:5-44
MERGED from [com.google.android.gms:play-services-wearable:16.0.1] AndroidManifest.xml:20:5-44
MERGED from [com.google.android.gms:play-services-wearable:16.0.1] AndroidManifest.xml:20:5-44
MERGED from [com.google.android.support:wearable:2.4.0] AndroidManifest.xml:5:5-7:41
MERGED from [com.google.android.support:wearable:2.4.0] AndroidManifest.xml:5:5-7:41
MERGED from [com.google.android.gms:play-services-base:16.0.1] AndroidManifest.xml:20:5-44
MERGED from [com.google.android.gms:play-services-base:16.0.1] AndroidManifest.xml:20:5-44
MERGED from [com.google.android.gms:play-services-tasks:16.0.1] AndroidManifest.xml:5:5-44
MERGED from [com.google.android.gms:play-services-tasks:16.0.1] AndroidManifest.xml:5:5-44
MERGED from [com.google.android.gms:play-services-basement:16.0.1] AndroidManifest.xml:20:5-44
MERGED from [com.google.android.gms:play-services-basement:16.0.1] AndroidManifest.xml:20:5-44
MERGED from [androidx.legacy:legacy-support-v4:1.0.0] AndroidManifest.xml:20:5-44
MERGED from [androidx.legacy:legacy-support-v4:1.0.0] AndroidManifest.xml:20:5-44
MERGED from [androidx.fragment:fragment:1.0.0] AndroidManifest.xml:20:5-44
MERGED from [androidx.fragment:fragment:1.0.0] AndroidManifest.xml:20:5-44
MERGED from [androidx.recyclerview:recyclerview:1.0.0] AndroidManifest.xml:20:5-44
MERGED from [androidx.recyclerview:recyclerview:1.0.0] AndroidManifest.xml:20:5-44
MERGED from [androidx.legacy:legacy-support-core-ui:1.0.0] AndroidManifest.xml:20:5-44
MERGED from [androidx.legacy:legacy-support-core-ui:1.0.0] AndroidManifest.xml:20:5-44
MERGED from [androidx.legacy:legacy-support-core-utils:1.0.0] AndroidManifest.xml:20:5-44
MERGED from [androidx.legacy:legacy-support-core-utils:1.0.0] AndroidManifest.xml:20:5-44
MERGED from [androidx.percentlayout:percentlayout:1.0.0] AndroidManifest.xml:20:5-44
MERGED from [androidx.percentlayout:percentlayout:1.0.0] AndroidManifest.xml:20:5-44
MERGED from [androidx.loader:loader:1.0.0] AndroidManifest.xml:20:5-44
MERGED from [androidx.loader:loader:1.0.0] AndroidManifest.xml:20:5-44
MERGED from [androidx.viewpager:viewpager:1.0.0] AndroidManifest.xml:20:5-44
MERGED from [androidx.viewpager:viewpager:1.0.0] AndroidManifest.xml:20:5-44
MERGED from [androidx.coordinatorlayout:coordinatorlayout:1.0.0] AndroidManifest.xml:20:5-44
MERGED from [androidx.coordinatorlayout:coordinatorlayout:1.0.0] AndroidManifest.xml:20:5-44
MERGED from [androidx.drawerlayout:drawerlayout:1.0.0] AndroidManifest.xml:20:5-44
MERGED from [androidx.drawerlayout:drawerlayout:1.0.0] AndroidManifest.xml:20:5-44
MERGED from [androidx.slidingpanelayout:slidingpanelayout:1.0.0] AndroidManifest.xml:20:5-44
MERGED from [androidx.slidingpanelayout:slidingpanelayout:1.0.0] AndroidManifest.xml:20:5-44
MERGED from [androidx.customview:customview:1.0.0] AndroidManifest.xml:20:5-44
MERGED from [androidx.customview:customview:1.0.0] AndroidManifest.xml:20:5-44
MERGED from [androidx.swiperefreshlayout:swiperefreshlayout:1.0.0] AndroidManifest.xml:20:5-44
MERGED from [androidx.swiperefreshlayout:swiperefreshlayout:1.0.0] AndroidManifest.xml:20:5-44
MERGED from [androidx.asynclayoutinflater:asynclayoutinflater:1.0.0] AndroidManifest.xml:20:5-44
MERGED from [androidx.asynclayoutinflater:asynclayoutinflater:1.0.0] AndroidManifest.xml:20:5-44
MERGED from [androidx.media:media:1.0.0] AndroidManifest.xml:20:5-44
MERGED from [androidx.media:media:1.0.0] AndroidManifest.xml:20:5-44
MERGED from [androidx.core:core:1.0.0] AndroidManifest.xml:20:5-44
MERGED from [androidx.core:core:1.0.0] AndroidManifest.xml:20:5-44
MERGED from [androidx.versionedparcelable:versionedparcelable:1.0.0] AndroidManifest.xml:20:5-44
MERGED from [androidx.versionedparcelable:versionedparcelable:1.0.0] AndroidManifest.xml:20:5-44
MERGED from [androidx.lifecycle:lifecycle-runtime:2.0.0] AndroidManifest.xml:20:5-44
MERGED from [androidx.lifecycle:lifecycle-runtime:2.0.0] AndroidManifest.xml:20:5-44
MERGED from [androidx.documentfile:documentfile:1.0.0] AndroidManifest.xml:20:5-44
MERGED from [androidx.documentfile:documentfile:1.0.0] AndroidManifest.xml:20:5-44
MERGED from [androidx.localbroadcastmanager:localbroadcastmanager:1.0.0] AndroidManifest.xml:20:5-44
MERGED from [androidx.localbroadcastmanager:localbroadcastmanager:1.0.0] AndroidManifest.xml:20:5-44
MERGED from [androidx.print:print:1.0.0] AndroidManifest.xml:20:5-44
MERGED from [androidx.print:print:1.0.0] AndroidManifest.xml:20:5-44
MERGED from [androidx.interpolator:interpolator:1.0.0] AndroidManifest.xml:20:5-44
MERGED from [androidx.interpolator:interpolator:1.0.0] AndroidManifest.xml:20:5-44
MERGED from [androidx.cursoradapter:cursoradapter:1.0.0] AndroidManifest.xml:20:5-44
MERGED from [androidx.cursoradapter:cursoradapter:1.0.0] AndroidManifest.xml:20:5-44
MERGED from [androidx.lifecycle:lifecycle-viewmodel:2.0.0] AndroidManifest.xml:20:5-44
MERGED from [androidx.lifecycle:lifecycle-viewmodel:2.0.0] AndroidManifest.xml:20:5-44
MERGED from [androidx.lifecycle:lifecycle-livedata:2.0.0] AndroidManifest.xml:20:5-44
MERGED from [androidx.lifecycle:lifecycle-livedata:2.0.0] AndroidManifest.xml:20:5-44
MERGED from [androidx.lifecycle:lifecycle-livedata-core:2.0.0] AndroidManifest.xml:20:5-44
MERGED from [androidx.lifecycle:lifecycle-livedata-core:2.0.0] AndroidManifest.xml:20:5-44
MERGED from [androidx.arch.core:core-runtime:2.0.0] AndroidManifest.xml:20:5-44
MERGED from [androidx.arch.core:core-runtime:2.0.0] AndroidManifest.xml:20:5-44
MERGED from [androidx.constraintlayout:constraintlayout:1.1.0] AndroidManifest.xml:5:5-7:41
MERGED from [androidx.constraintlayout:constraintlayout:1.1.0] AndroidManifest.xml:5:5-7:41
INJECTED from src\main\AndroidManifest.xml
INJECTED from src\main\AndroidManifest.xml
	android:targetSdkVersion
		INJECTED from src\main\AndroidManifest.xml
		ADDED from src\main\AndroidManifest.xml
		INJECTED from src\main\AndroidManifest.xml
	android:minSdkVersion
		INJECTED from src\main\AndroidManifest.xml
		ADDED from src\main\AndroidManifest.xml
		INJECTED from src\main\AndroidManifest.xml
activity#com.google.android.gms.common.api.GoogleApiActivity
ADDED from [com.google.android.gms:play-services-base:16.0.1] AndroidManifest.xml:23:9-26:75
	android:exported
		ADDED from [com.google.android.gms:play-services-base:16.0.1] AndroidManifest.xml:25:13-37
	android:theme
		ADDED from [com.google.android.gms:play-services-base:16.0.1] AndroidManifest.xml:26:13-72
	android:name
		ADDED from [com.google.android.gms:play-services-base:16.0.1] AndroidManifest.xml:24:13-79